<?xml version="1.0" encoding="UTF-8"?>
<!-- Generated by org.testng.reporters.JUnitReportReporter -->
<testsuite hostname="DESKTOP-OUO195E" failures="0" tests="1" name="assertion.HardAssertion2" time="13.705" errors="0" timestamp="2024-09-12T15:30:24 IST" skipped="0">
  <testcase classname="assertion.HardAssertion2" name="openbrowser" time="13.705"/>
</testsuite> <!-- assertion.HardAssertion2 -->
