<?xml version="1.0" encoding="UTF-8"?>
<!-- Generated by org.testng.reporters.JUnitReportReporter -->
<testsuite hostname="DESKTOP-OUO195E" failures="0" tests="5" name="testNG.Keyword1" time="0.013" errors="0" timestamp="2024-10-23T15:12:01 IST" skipped="0">
  <testcase classname="testNG.Keyword1" name="mno" time="0.001"/>
  <testcase classname="testNG.Keyword1" name="pqr" time="0.002"/>
  <testcase classname="testNG.Keyword1" name="def" time="0.007"/>
  <testcase classname="testNG.Keyword1" name="xyz" time="0.003"/>
  <testcase classname="testNG.Keyword1" name="abc" time="0.000"/>
</testsuite> <!-- testNG.Keyword1 -->
