<?xml version="1.0" encoding="UTF-8"?>
<!-- Generated by org.testng.reporters.JUnitReportReporter -->
<testsuite hostname="DESKTOP-OUO195E" failures="0" tests="2" name="testNG009.SingleNewClass" time="14.441" errors="0" timestamp="2024-10-23T15:38:57 IST" skipped="0">
  <testcase classname="testNG009.SingleNewClass" name="edge" time="8.492"/>
  <testcase classname="testNG009.SingleNewClass" name="chrome" time="5.949"/>
</testsuite> <!-- testNG009.SingleNewClass -->
