<?xml version="1.0" encoding="UTF-8"?>
<!-- Generated by org.testng.reporters.JUnitReportReporter -->
<testsuite hostname="DESKTOP-OUO195E" failures="0" tests="1" name="assertion.HardAssertion" time="0.010" errors="0" timestamp="2024-11-03T16:16:30 IST" skipped="0">
  <testcase classname="assertion.HardAssertion" name="test" time="0.010"/>
</testsuite> <!-- assertion.HardAssertion -->
