<?xml version="1.0" encoding="UTF-8"?>
<!-- Generated by org.testng.reporters.JUnitReportReporter -->
<testsuite hostname="DESKTOP-OUO195E" failures="0" tests="1" name="MAven002.MAven002.Mave" time="0.015" errors="0" timestamp="2024-09-04T15:41:12 IST" skipped="0">
  <testcase classname="MAven002.MAven002.Mave" name="m" time="0.015"/>
</testsuite> <!-- MAven002.MAven002.Mave -->
