<?xml version="1.0" encoding="UTF-8"?>
<!-- Generated by org.testng.reporters.JUnitReportReporter -->
<testsuite hostname="DESKTOP-OUO195E" failures="0" tests="1" name="testNG009.Testing1" time="0.014" errors="0" timestamp="2024-10-07T18:20:52 IST" skipped="0">
  <testcase classname="testNG009.Testing1" name="method1" time="0.014"/>
</testsuite> <!-- testNG009.Testing1 -->
