<?xml version="1.0" encoding="UTF-8"?>
<!-- Generated by org.testng.reporters.JUnitReportReporter -->
<testsuite hostname="DESKTOP-OUO195E" failures="0" tests="1" name="testNG.NewTest" time="0.004" errors="0" timestamp="2024-10-23T15:12:01 IST" skipped="0">
  <testcase classname="testNG.NewTest" name="f" time="0.004"/>
</testsuite> <!-- testNG.NewTest -->
