<?xml version="1.0" encoding="UTF-8"?>
<!-- Generated by org.testng.reporters.JUnitReportReporter -->
<testsuite hostname="DESKTOP-OUO195E" failures="0" tests="1" name="testNG009.Annotations1" time="0.009" errors="0" timestamp="2024-10-07T20:04:46 IST" skipped="0">
  <testcase classname="testNG009.Annotations1" name="f1" time="0.009"/>
</testsuite> <!-- testNG009.Annotations1 -->
