<?xml version="1.0" encoding="UTF-8"?>
<!-- Generated by org.testng.reporters.JUnitReportReporter -->
<testsuite hostname="DESKTOP-OUO195E" failures="0" tests="5" name="testngGrouping.TestingMetagoup" time="0.015" errors="0" timestamp="2024-10-28T15:00:01 IST" skipped="0">
  <testcase classname="testngGrouping.TestingMetagoup" name="w13" time="0.001"/>
  <testcase classname="testngGrouping.TestingMetagoup" name="w12" time="0.001"/>
  <testcase classname="testngGrouping.TestingMetagoup" name="w11" time="0.011"/>
  <testcase classname="testngGrouping.TestingMetagoup" name="w15" time="0.001"/>
  <testcase classname="testngGrouping.TestingMetagoup" name="w14" time="0.001"/>
</testsuite> <!-- testngGrouping.TestingMetagoup -->
