<?xml version="1.0" encoding="UTF-8"?>
<!-- Generated by org.testng.reporters.JUnitReportReporter -->
<testsuite hostname="DESKTOP-OUO195E" failures="0" tests="1" name="testNG009.Assertion" time="0.009" errors="0" timestamp="2024-11-03T15:52:33 IST" skipped="0">
  <testcase classname="testNG009.Assertion" name="HardAssertion" time="0.009"/>
</testsuite> <!-- testNG009.Assertion -->
