<?xml version="1.0" encoding="UTF-8"?>
<!-- Generated by org.testng.reporters.JUnitReportReporter -->
<testsuite hostname="DESKTOP-OUO195E" failures="0" tests="1" name="testNG009.Edge_PExe" time="1.863" errors="0" timestamp="2024-10-23T15:04:29 IST" skipped="0">
  <testcase classname="testNG009.Edge_PExe" name="verifylogo" time="1.863"/>
</testsuite> <!-- testNG009.Edge_PExe -->
