<?xml version="1.0" encoding="UTF-8"?>
<!-- Generated by org.testng.reporters.JUnitReportReporter -->
<testsuite hostname="DESKTOP-OUO195E" failures="0" tests="1" name="testNG.Testing1" time="0.001" errors="0" timestamp="2024-10-23T15:12:01 IST" skipped="0">
  <testcase classname="testNG.Testing1" name="method1" time="0.001"/>
</testsuite> <!-- testNG.Testing1 -->
