<?xml version="1.0" encoding="UTF-8"?>
<!-- Generated by org.testng.reporters.JUnitReportReporter -->
<testsuite hostname="DESKTOP-OUO195E" failures="0" tests="1" name="testNG009.TestWithPF2" time="2.034" errors="0" timestamp="2024-10-09T01:58:35 IST" skipped="0">
  <testcase classname="testNG009.TestWithPF2" name="verifylogo" time="2.034"/>
</testsuite> <!-- testNG009.TestWithPF2 -->
