<?xml version="1.0" encoding="UTF-8"?>
<!-- Generated by org.testng.reporters.JUnitReportReporter -->
<testsuite hostname="DESKTOP-OUO195E" failures="0" tests="1" name="testNG009.Chrome_new" time="2.052" errors="0" timestamp="2024-10-23T15:04:29 IST" skipped="0">
  <testcase classname="testNG009.Chrome_new" name="verifylogo" time="2.052"/>
</testsuite> <!-- testNG009.Chrome_new -->
